24677	2	word
24677	2	word
24677	2	word
24677	2	word
24677	2	word
24679	4	thing
24679	4	thing
24679	4	thing
19636	2	word
19636	2	word
19636	2	word
19636	2	word
19636	2	word
19638	4	thing
19638	4	thing
19638	4	thing
19638	4	thing
19638	4	thing
19792	2	word
19792	2	word
19792	2	word
19792	2	word
19792	2	word
19794	4	thing
19794	4	thing
19794	4	thing
19794	4	thing
19794	4	thing
20240	2	word
20240	2	word
20240	2	word
20240	2	word
20240	2	word
20242	4	thing
20242	4	thing
20242	4	thing
20242	4	thing
20242	4	thing
20515	4	thing
20515	4	thing
20515	4	thing
20515	4	thing
20515	4	thing
20513	2	word
20513	2	word
20513	2	word
20513	2	word
20513	2	word
