24675	0	9anna9
24675	0	9anna9
24675	0	9anna9
24675	0	9anna9
24675	0	9anna9
24687	12	ara
24687	12	ara
24687	12	ara
19634	0	9anna9
19634	0	9anna9
19634	0	9anna9
19634	0	9anna9
19634	0	9anna9
19641	7	aha
19641	7	aha
19641	7	aha
19641	7	aha
19641	7	aha
19642	8	aia
19642	8	aia
19642	8	aia
19642	8	aia
19642	8	aia
19640	6	aga
19640	6	aga
19640	6	aga
19640	6	aga
19640	6	aga
19637	3	KayaK
19637	3	KayaK
19637	3	KayaK
19637	3	KayaK
19790	0	9anna9
19790	0	9anna9
19790	0	9anna9
19790	0	9anna9
19790	0	9anna9
19791	1	civic
19791	1	civic
19791	1	civic
19791	1	civic
19791	1	civic
19796	6	aga
19796	6	aga
19796	6	aga
19796	6	aga
19796	6	aga
19795	5	aba
19795	5	aba
19795	5	aba
19795	5	aba
19795	5	aba
19793	3	KayaK
19793	3	KayaK
19793	3	KayaK
19793	3	KayaK
19793	3	KayaK
20238	0	9anna9
20238	0	9anna9
20238	0	9anna9
20238	0	9anna9
20238	0	9anna9
20239	1	civic
20239	1	civic
20239	1	civic
20239	1	civic
20239	1	civic
20244	6	aga
20244	6	aga
20244	6	aga
20244	6	aga
20244	6	aga
20243	5	aba
20243	5	aba
20243	5	aba
20243	5	aba
20243	5	aba
20241	3	KayaK
20241	3	KayaK
20241	3	KayaK
20241	3	KayaK
20241	3	KayaK
20511	0	9anna9
20511	0	9anna9
20511	0	9anna9
20511	0	9anna9
20511	0	9anna9
20512	1	civic
20512	1	civic
20512	1	civic
20512	1	civic
20512	1	civic
20514	3	KayaK
20514	3	KayaK
20514	3	KayaK
20514	3	KayaK
20514	3	KayaK
